0 verbose cli C:\Program Files\nodejs\node.exe C:\Users\notai\AppData\Roaming\npm\node_modules\npm\bin\npm-cli.js
1 info using npm@11.1.0
2 info using node@v22.14.0
3 silly config load:file:C:\Users\notai\AppData\Roaming\npm\node_modules\npm\npmrc
4 silly config load:file:G:\notai\VSCodeProjects\franartic-portfolio\.npmrc
5 silly config load:file:C:\Users\notai\.npmrc
6 silly config load:file:C:\Users\notai\AppData\Roaming\npm\etc\npmrc
7 verbose title npm install lucide-react
8 verbose argv "install" "lucide-react"
9 verbose logfile logs-max:10 dir:G:\notai\VSCodeProjects\franartic-portfolio\notai\packages\npm\_logs\2025-06-30T18_25_57_102Z-
10 verbose logfile G:\notai\VSCodeProjects\franartic-portfolio\notai\packages\npm\_logs\2025-06-30T18_25_57_102Z-debug-0.log
11 silly logfile start cleaning logs, removing 1 files
12 silly packumentCache heap:4345298944 maxSize:1086324736 maxEntrySize:543162368
13 silly logfile done cleaning log files
14 silly idealTree buildDeps
15 silly fetch manifest lucide-react@*
16 silly packumentCache full:https://registry.npmjs.org/lucide-react cache-miss
17 http fetch GET 200 https://registry.npmjs.org/lucide-react 1341ms (cache revalidated)
18 silly packumentCache full:https://registry.npmjs.org/lucide-react set size:2022240 disposed:false
19 silly fetch manifest react@^19.0.0
20 silly packumentCache full:https://registry.npmjs.org/react cache-miss
21 http fetch GET 200 https://registry.npmjs.org/react 311ms (cache revalidated)
22 silly packumentCache full:https://registry.npmjs.org/react set size:5812720 disposed:false
23 silly placeDep ROOT lucide-react@0.525.0 REPLACE for: franartic-portfolio@0.1.0 want: *
24 silly fetch manifest typescript@>=4.8.4 <5.9.0
25 silly packumentCache full:https://registry.npmjs.org/typescript cache-miss
26 http fetch GET 200 https://registry.npmjs.org/typescript 1460ms (cache updated)
27 silly packumentCache full:https://registry.npmjs.org/typescript set size:undefined disposed:false
28 silly placeDep ROOT typescript@5.8.3 OK for: @typescript-eslint/eslint-plugin@8.34.1 want: >=4.8.4 <5.9.0
29 silly reify mark retired [
29 silly reify   'G:\\notai\\VSCodeProjects\\franartic-portfolio\\node_modules\\@babel\\runtime'
29 silly reify ]
30 silly reify mark retired [
30 silly reify   'G:\\notai\\VSCodeProjects\\franartic-portfolio\\node_modules\\@emotion\\is-prop-valid'
30 silly reify ]
31 silly reify mark retired [
31 silly reify   'G:\\notai\\VSCodeProjects\\franartic-portfolio\\node_modules\\@emotion\\memoize'
31 silly reify ]
32 silly reify mark retired [
32 silly reify   'G:\\notai\\VSCodeProjects\\franartic-portfolio\\node_modules\\@popperjs\\core'
32 silly reify ]
33 silly reify mark retired [
33 silly reify   'G:\\notai\\VSCodeProjects\\franartic-portfolio\\node_modules\\@react-aria\\ssr'
33 silly reify ]
34 silly reify mark retired [
34 silly reify   'G:\\notai\\VSCodeProjects\\franartic-portfolio\\node_modules\\@restart\\hooks'
34 silly reify ]
35 silly reify mark retired [
35 silly reify   'G:\\notai\\VSCodeProjects\\franartic-portfolio\\node_modules\\@restart\\ui'
35 silly reify ]
36 silly reify mark retired [
36 silly reify   'G:\\notai\\VSCodeProjects\\franartic-portfolio\\node_modules\\@types\\prop-types'
36 silly reify ]
37 silly reify mark retired [
37 silly reify   'G:\\notai\\VSCodeProjects\\franartic-portfolio\\node_modules\\@types\\react'
37 silly reify ]
38 silly reify mark retired [
38 silly reify   'G:\\notai\\VSCodeProjects\\franartic-portfolio\\node_modules\\@types\\react-transition-group'
38 silly reify ]
39 silly reify mark retired [
39 silly reify   'G:\\notai\\VSCodeProjects\\franartic-portfolio\\node_modules\\@types\\warning'
39 silly reify ]
40 silly reify mark retired [
40 silly reify   'G:\\notai\\VSCodeProjects\\franartic-portfolio\\node_modules\\autoprefixer',
40 silly reify   'G:\\notai\\VSCodeProjects\\franartic-portfolio\\node_modules\\.bin\\autoprefixer',
40 silly reify   'G:\\notai\\VSCodeProjects\\franartic-portfolio\\node_modules\\.bin\\autoprefixer.cmd',
40 silly reify   'G:\\notai\\VSCodeProjects\\franartic-portfolio\\node_modules\\.bin\\autoprefixer.ps1'
40 silly reify ]
41 silly reify mark retired [
41 silly reify   'G:\\notai\\VSCodeProjects\\franartic-portfolio\\node_modules\\bootstrap'
41 silly reify ]
42 silly reify mark retired [
42 silly reify   'G:\\notai\\VSCodeProjects\\franartic-portfolio\\node_modules\\browserslist',
42 silly reify   'G:\\notai\\VSCodeProjects\\franartic-portfolio\\node_modules\\.bin\\browserslist',
42 silly reify   'G:\\notai\\VSCodeProjects\\franartic-portfolio\\node_modules\\.bin\\browserslist.cmd',
42 silly reify   'G:\\notai\\VSCodeProjects\\franartic-portfolio\\node_modules\\.bin\\browserslist.ps1'
42 silly reify ]
43 silly reify mark retired [
43 silly reify   'G:\\notai\\VSCodeProjects\\franartic-portfolio\\node_modules\\classnames'
43 silly reify ]
44 silly reify mark retired [
44 silly reify   'G:\\notai\\VSCodeProjects\\franartic-portfolio\\node_modules\\csstype'
44 silly reify ]
45 silly reify mark retired [
45 silly reify   'G:\\notai\\VSCodeProjects\\franartic-portfolio\\node_modules\\dequal'
45 silly reify ]
46 silly reify mark retired [
46 silly reify   'G:\\notai\\VSCodeProjects\\franartic-portfolio\\node_modules\\dom-helpers'
46 silly reify ]
47 silly reify mark retired [
47 silly reify   'G:\\notai\\VSCodeProjects\\franartic-portfolio\\node_modules\\electron-to-chromium'
47 silly reify ]
48 silly reify mark retired [
48 silly reify   'G:\\notai\\VSCodeProjects\\franartic-portfolio\\node_modules\\escalade'
48 silly reify ]
49 silly reify mark retired [
49 silly reify   'G:\\notai\\VSCodeProjects\\franartic-portfolio\\node_modules\\fraction.js'
49 silly reify ]
50 silly reify mark retired [
50 silly reify   'G:\\notai\\VSCodeProjects\\franartic-portfolio\\node_modules\\framer-motion'
50 silly reify ]
51 silly reify mark retired [
51 silly reify   'G:\\notai\\VSCodeProjects\\franartic-portfolio\\node_modules\\invariant'
51 silly reify ]
52 silly reify mark retired [
52 silly reify   'G:\\notai\\VSCodeProjects\\franartic-portfolio\\node_modules\\lucide-react'
52 silly reify ]
53 silly reify mark retired [
53 silly reify   'G:\\notai\\VSCodeProjects\\franartic-portfolio\\node_modules\\motion'
53 silly reify ]
54 silly reify mark retired [
54 silly reify   'G:\\notai\\VSCodeProjects\\franartic-portfolio\\node_modules\\motion-dom'
54 silly reify ]
55 silly reify mark retired [
55 silly reify   'G:\\notai\\VSCodeProjects\\franartic-portfolio\\node_modules\\motion-utils'
55 silly reify ]
56 silly reify mark retired [
56 silly reify   'G:\\notai\\VSCodeProjects\\franartic-portfolio\\node_modules\\node-releases'
56 silly reify ]
57 silly reify mark retired [
57 silly reify   'G:\\notai\\VSCodeProjects\\franartic-portfolio\\node_modules\\normalize-range'
57 silly reify ]
58 silly reify mark retired [
58 silly reify   'G:\\notai\\VSCodeProjects\\franartic-portfolio\\node_modules\\postcss-value-parser'
58 silly reify ]
59 silly reify mark retired [
59 silly reify   'G:\\notai\\VSCodeProjects\\franartic-portfolio\\node_modules\\prop-types-extra'
59 silly reify ]
60 silly reify mark retired [
60 silly reify   'G:\\notai\\VSCodeProjects\\franartic-portfolio\\node_modules\\react-bootstrap'
60 silly reify ]
61 silly reify mark retired [
61 silly reify   'G:\\notai\\VSCodeProjects\\franartic-portfolio\\node_modules\\react-intersection-observer'
61 silly reify ]
62 silly reify mark retired [
62 silly reify   'G:\\notai\\VSCodeProjects\\franartic-portfolio\\node_modules\\react-lifecycles-compat'
62 silly reify ]
63 silly reify mark retired [
63 silly reify   'G:\\notai\\VSCodeProjects\\franartic-portfolio\\node_modules\\react-transition-group'
63 silly reify ]
64 silly reify mark retired [
64 silly reify   'G:\\notai\\VSCodeProjects\\franartic-portfolio\\node_modules\\swiper'
64 silly reify ]
65 silly reify mark retired [
65 silly reify   'G:\\notai\\VSCodeProjects\\franartic-portfolio\\node_modules\\uncontrollable'
65 silly reify ]
66 silly reify mark retired [
66 silly reify   'G:\\notai\\VSCodeProjects\\franartic-portfolio\\node_modules\\update-browserslist-db',
66 silly reify   'G:\\notai\\VSCodeProjects\\franartic-portfolio\\node_modules\\.bin\\update-browserslist-db',
66 silly reify   'G:\\notai\\VSCodeProjects\\franartic-portfolio\\node_modules\\.bin\\update-browserslist-db.cmd',
66 silly reify   'G:\\notai\\VSCodeProjects\\franartic-portfolio\\node_modules\\.bin\\update-browserslist-db.ps1'
66 silly reify ]
67 silly reify mark retired [
67 silly reify   'G:\\notai\\VSCodeProjects\\franartic-portfolio\\node_modules\\warning'
67 silly reify ]
68 silly reify moves {
68 silly reify   'G:\\notai\\VSCodeProjects\\franartic-portfolio\\node_modules\\@babel\\runtime': 'G:\\notai\\VSCodeProjects\\franartic-portfolio\\node_modules\\@babel\\.runtime-dCPbVNuy',
68 silly reify   'G:\\notai\\VSCodeProjects\\franartic-portfolio\\node_modules\\@emotion\\is-prop-valid': 'G:\\notai\\VSCodeProjects\\franartic-portfolio\\node_modules\\@emotion\\.is-prop-valid-NzJUJcvQ',
68 silly reify   'G:\\notai\\VSCodeProjects\\franartic-portfolio\\node_modules\\@emotion\\memoize': 'G:\\notai\\VSCodeProjects\\franartic-portfolio\\node_modules\\@emotion\\.memoize-psexAJkr',
68 silly reify   'G:\\notai\\VSCodeProjects\\franartic-portfolio\\node_modules\\@popperjs\\core': 'G:\\notai\\VSCodeProjects\\franartic-portfolio\\node_modules\\@popperjs\\.core-y5m0dUG9',
68 silly reify   'G:\\notai\\VSCodeProjects\\franartic-portfolio\\node_modules\\@react-aria\\ssr': 'G:\\notai\\VSCodeProjects\\franartic-portfolio\\node_modules\\@react-aria\\.ssr-ScGOHn69',
68 silly reify   'G:\\notai\\VSCodeProjects\\franartic-portfolio\\node_modules\\@restart\\hooks': 'G:\\notai\\VSCodeProjects\\franartic-portfolio\\node_modules\\@restart\\.hooks-8KIEi0cF',
68 silly reify   'G:\\notai\\VSCodeProjects\\franartic-portfolio\\node_modules\\@restart\\ui': 'G:\\notai\\VSCodeProjects\\franartic-portfolio\\node_modules\\@restart\\.ui-e543RpaR',
68 silly reify   'G:\\notai\\VSCodeProjects\\franartic-portfolio\\node_modules\\@types\\prop-types': 'G:\\notai\\VSCodeProjects\\franartic-portfolio\\node_modules\\@types\\.prop-types-NnyW8H1c',
68 silly reify   'G:\\notai\\VSCodeProjects\\franartic-portfolio\\node_modules\\@types\\react': 'G:\\notai\\VSCodeProjects\\franartic-portfolio\\node_modules\\@types\\.react-cw6ivvwf',
68 silly reify   'G:\\notai\\VSCodeProjects\\franartic-portfolio\\node_modules\\@types\\react-transition-group': 'G:\\notai\\VSCodeProjects\\franartic-portfolio\\node_modules\\@types\\.react-transition-group-fW7cmrjP',
68 silly reify   'G:\\notai\\VSCodeProjects\\franartic-portfolio\\node_modules\\@types\\warning': 'G:\\notai\\VSCodeProjects\\franartic-portfolio\\node_modules\\@types\\.warning-ldCHCvwK',
68 silly reify   'G:\\notai\\VSCodeProjects\\franartic-portfolio\\node_modules\\autoprefixer': 'G:\\notai\\VSCodeProjects\\franartic-portfolio\\node_modules\\.autoprefixer-WWueHrAp',
68 silly reify   'G:\\notai\\VSCodeProjects\\franartic-portfolio\\node_modules\\.bin\\autoprefixer': 'G:\\notai\\VSCodeProjects\\franartic-portfolio\\node_modules\\.bin\\.autoprefixer-bdjTIGWb',
68 silly reify   'G:\\notai\\VSCodeProjects\\franartic-portfolio\\node_modules\\.bin\\autoprefixer.cmd': 'G:\\notai\\VSCodeProjects\\franartic-portfolio\\node_modules\\.bin\\.autoprefixer.cmd-jcQ6tshJ',
68 silly reify   'G:\\notai\\VSCodeProjects\\franartic-portfolio\\node_modules\\.bin\\autoprefixer.ps1': 'G:\\notai\\VSCodeProjects\\franartic-portfolio\\node_modules\\.bin\\.autoprefixer.ps1-CQEl274G',
68 silly reify   'G:\\notai\\VSCodeProjects\\franartic-portfolio\\node_modules\\bootstrap': 'G:\\notai\\VSCodeProjects\\franartic-portfolio\\node_modules\\.bootstrap-d2jtAOwI',
68 silly reify   'G:\\notai\\VSCodeProjects\\franartic-portfolio\\node_modules\\browserslist': 'G:\\notai\\VSCodeProjects\\franartic-portfolio\\node_modules\\.browserslist-t0bWgePk',
68 silly reify   'G:\\notai\\VSCodeProjects\\franartic-portfolio\\node_modules\\.bin\\browserslist': 'G:\\notai\\VSCodeProjects\\franartic-portfolio\\node_modules\\.bin\\.browserslist-tgZiYYFM',
68 silly reify   'G:\\notai\\VSCodeProjects\\franartic-portfolio\\node_modules\\.bin\\browserslist.cmd': 'G:\\notai\\VSCodeProjects\\franartic-portfolio\\node_modules\\.bin\\.browserslist.cmd-cbJ2LKuC',
68 silly reify   'G:\\notai\\VSCodeProjects\\franartic-portfolio\\node_modules\\.bin\\browserslist.ps1': 'G:\\notai\\VSCodeProjects\\franartic-portfolio\\node_modules\\.bin\\.browserslist.ps1-Cf0xU5HP',
68 silly reify   'G:\\notai\\VSCodeProjects\\franartic-portfolio\\node_modules\\classnames': 'G:\\notai\\VSCodeProjects\\franartic-portfolio\\node_modules\\.classnames-BRt7WV10',
68 silly reify   'G:\\notai\\VSCodeProjects\\franartic-portfolio\\node_modules\\csstype': 'G:\\notai\\VSCodeProjects\\franartic-portfolio\\node_modules\\.csstype-HXDxYP24',
68 silly reify   'G:\\notai\\VSCodeProjects\\franartic-portfolio\\node_modules\\dequal': 'G:\\notai\\VSCodeProjects\\franartic-portfolio\\node_modules\\.dequal-QHB0jH43',
68 silly reify   'G:\\notai\\VSCodeProjects\\franartic-portfolio\\node_modules\\dom-helpers': 'G:\\notai\\VSCodeProjects\\franartic-portfolio\\node_modules\\.dom-helpers-qGadR99H',
68 silly reify   'G:\\notai\\VSCodeProjects\\franartic-portfolio\\node_modules\\electron-to-chromium': 'G:\\notai\\VSCodeProjects\\franartic-portfolio\\node_modules\\.electron-to-chromium-wDZ5xYGq',
68 silly reify   'G:\\notai\\VSCodeProjects\\franartic-portfolio\\node_modules\\escalade': 'G:\\notai\\VSCodeProjects\\franartic-portfolio\\node_modules\\.escalade-dbDrUZyJ',
68 silly reify   'G:\\notai\\VSCodeProjects\\franartic-portfolio\\node_modules\\fraction.js': 'G:\\notai\\VSCodeProjects\\franartic-portfolio\\node_modules\\.fraction.js-L7mpDIVr',
68 silly reify   'G:\\notai\\VSCodeProjects\\franartic-portfolio\\node_modules\\framer-motion': 'G:\\notai\\VSCodeProjects\\franartic-portfolio\\node_modules\\.framer-motion-IAtyh6YD',
68 silly reify   'G:\\notai\\VSCodeProjects\\franartic-portfolio\\node_modules\\invariant': 'G:\\notai\\VSCodeProjects\\franartic-portfolio\\node_modules\\.invariant-6cVI2YhI',
68 silly reify   'G:\\notai\\VSCodeProjects\\franartic-portfolio\\node_modules\\lucide-react': 'G:\\notai\\VSCodeProjects\\franartic-portfolio\\node_modules\\.lucide-react-u8K5h7Mg',
68 silly reify   'G:\\notai\\VSCodeProjects\\franartic-portfolio\\node_modules\\motion': 'G:\\notai\\VSCodeProjects\\franartic-portfolio\\node_modules\\.motion-labIlRff',
68 silly reify   'G:\\notai\\VSCodeProjects\\franartic-portfolio\\node_modules\\motion-dom': 'G:\\notai\\VSCodeProjects\\franartic-portfolio\\node_modules\\.motion-dom-458fT2Az',
68 silly reify   'G:\\notai\\VSCodeProjects\\franartic-portfolio\\node_modules\\motion-utils': 'G:\\notai\\VSCodeProjects\\franartic-portfolio\\node_modules\\.motion-utils-EgUAOSXY',
68 silly reify   'G:\\notai\\VSCodeProjects\\franartic-portfolio\\node_modules\\node-releases': 'G:\\notai\\VSCodeProjects\\franartic-portfolio\\node_modules\\.node-releases-M0U2eH9P',
68 silly reify   'G:\\notai\\VSCodeProjects\\franartic-portfolio\\node_modules\\normalize-range': 'G:\\notai\\VSCodeProjects\\franartic-portfolio\\node_modules\\.normalize-range-BbHISwPs',
68 silly reify   'G:\\notai\\VSCodeProjects\\franartic-portfolio\\node_modules\\postcss-value-parser': 'G:\\notai\\VSCodeProjects\\franartic-portfolio\\node_modules\\.postcss-value-parser-ny9YZeks',
68 silly reify   'G:\\notai\\VSCodeProjects\\franartic-portfolio\\node_modules\\prop-types-extra': 'G:\\notai\\VSCodeProjects\\franartic-portfolio\\node_modules\\.prop-types-extra-XFJfd0BS',
68 silly reify   'G:\\notai\\VSCodeProjects\\franartic-portfolio\\node_modules\\react-bootstrap': 'G:\\notai\\VSCodeProjects\\franartic-portfolio\\node_modules\\.react-bootstrap-TtN6XSWP',
68 silly reify   'G:\\notai\\VSCodeProjects\\franartic-portfolio\\node_modules\\react-intersection-observer': 'G:\\notai\\VSCodeProjects\\franartic-portfolio\\node_modules\\.react-intersection-observer-McBdg4FW',
68 silly reify   'G:\\notai\\VSCodeProjects\\franartic-portfolio\\node_modules\\react-lifecycles-compat': 'G:\\notai\\VSCodeProjects\\franartic-portfolio\\node_modules\\.react-lifecycles-compat-YhFd9Xu2',
68 silly reify   'G:\\notai\\VSCodeProjects\\franartic-portfolio\\node_modules\\react-transition-group': 'G:\\notai\\VSCodeProjects\\franartic-portfolio\\node_modules\\.react-transition-group-9d5qAH3B',
68 silly reify   'G:\\notai\\VSCodeProjects\\franartic-portfolio\\node_modules\\swiper': 'G:\\notai\\VSCodeProjects\\franartic-portfolio\\node_modules\\.swiper-ap4TgXda',
68 silly reify   'G:\\notai\\VSCodeProjects\\franartic-portfolio\\node_modules\\uncontrollable': 'G:\\notai\\VSCodeProjects\\franartic-portfolio\\node_modules\\.uncontrollable-n9OAppnI',
68 silly reify   'G:\\notai\\VSCodeProjects\\franartic-portfolio\\node_modules\\update-browserslist-db': 'G:\\notai\\VSCodeProjects\\franartic-portfolio\\node_modules\\.update-browserslist-db-oqWXIGpD',
68 silly reify   'G:\\notai\\VSCodeProjects\\franartic-portfolio\\node_modules\\.bin\\update-browserslist-db': 'G:\\notai\\VSCodeProjects\\franartic-portfolio\\node_modules\\.bin\\.update-browserslist-db-WMc8NvLR',
68 silly reify   'G:\\notai\\VSCodeProjects\\franartic-portfolio\\node_modules\\.bin\\update-browserslist-db.cmd': 'G:\\notai\\VSCodeProjects\\franartic-portfolio\\node_modules\\.bin\\.update-browserslist-db.cmd-pElnQM80',
68 silly reify   'G:\\notai\\VSCodeProjects\\franartic-portfolio\\node_modules\\.bin\\update-browserslist-db.ps1': 'G:\\notai\\VSCodeProjects\\franartic-portfolio\\node_modules\\.bin\\.update-browserslist-db.ps1-yMKDcV5G',
68 silly reify   'G:\\notai\\VSCodeProjects\\franartic-portfolio\\node_modules\\warning': 'G:\\notai\\VSCodeProjects\\franartic-portfolio\\node_modules\\.warning-n9VtQ4Mv'
68 silly reify }
69 verbose reify failed optional dependency G:\notai\VSCodeProjects\franartic-portfolio\node_modules\@tailwindcss\oxide-wasm32-wasi
70 silly reify mark deleted [
70 silly reify   'G:\\notai\\VSCodeProjects\\franartic-portfolio\\node_modules\\@tailwindcss\\oxide-wasm32-wasi'
70 silly reify ]
71 silly audit bulk request {
71 silly audit   '@alloc/quick-lru': [ '5.2.0' ],
71 silly audit   '@ampproject/remapping': [ '2.3.0' ],
71 silly audit   '@emnapi/core': [ '1.4.3' ],
71 silly audit   '@emnapi/runtime': [ '1.4.3' ],
71 silly audit   '@emnapi/wasi-threads': [ '1.0.2' ],
71 silly audit   '@eslint-community/eslint-utils': [ '4.7.0' ],
71 silly audit   'eslint-visitor-keys': [ '3.4.3', '4.2.1' ],
71 silly audit   '@eslint-community/regexpp': [ '4.12.1' ],
71 silly audit   '@eslint/config-array': [ '0.20.1' ],
71 silly audit   '@eslint/config-helpers': [ '0.2.3' ],
71 silly audit   '@eslint/core': [ '0.14.0', '0.15.0' ],
71 silly audit   '@eslint/eslintrc': [ '3.3.1' ],
71 silly audit   '@eslint/js': [ '9.29.0' ],
71 silly audit   '@eslint/object-schema': [ '2.1.6' ],
71 silly audit   '@eslint/plugin-kit': [ '0.3.2' ],
71 silly audit   '@humanfs/core': [ '0.19.1' ],
71 silly audit   '@humanfs/node': [ '0.16.6' ],
71 silly audit   '@humanwhocodes/retry': [ '0.3.1', '0.4.3' ],
71 silly audit   '@humanwhocodes/module-importer': [ '1.0.1' ],
71 silly audit   '@img/sharp-darwin-arm64': [ '0.34.2' ],
71 silly audit   '@img/sharp-darwin-x64': [ '0.34.2' ],
71 silly audit   '@img/sharp-libvips-darwin-arm64': [ '1.1.0' ],
71 silly audit   '@img/sharp-libvips-darwin-x64': [ '1.1.0' ],
71 silly audit   '@img/sharp-libvips-linux-arm': [ '1.1.0' ],
71 silly audit   '@img/sharp-libvips-linux-arm64': [ '1.1.0' ],
71 silly audit   '@img/sharp-libvips-linux-ppc64': [ '1.1.0' ],
71 silly audit   '@img/sharp-libvips-linux-s390x': [ '1.1.0' ],
71 silly audit   '@img/sharp-libvips-linux-x64': [ '1.1.0' ],
71 silly audit   '@img/sharp-libvips-linuxmusl-arm64': [ '1.1.0' ],
71 silly audit   '@img/sharp-libvips-linuxmusl-x64': [ '1.1.0' ],
71 silly audit   '@img/sharp-linux-arm': [ '0.34.2' ],
71 silly audit   '@img/sharp-linux-arm64': [ '0.34.2' ],
71 silly audit   '@img/sharp-linux-s390x': [ '0.34.2' ],
71 silly audit   '@img/sharp-linux-x64': [ '0.34.2' ],
71 silly audit   '@img/sharp-linuxmusl-arm64': [ '0.34.2' ],
71 silly audit   '@img/sharp-linuxmusl-x64': [ '0.34.2' ],
71 silly audit   '@img/sharp-wasm32': [ '0.34.2' ],
71 silly audit   '@img/sharp-win32-arm64': [ '0.34.2' ],
71 silly audit   '@img/sharp-win32-ia32': [ '0.34.2' ],
71 silly audit   '@img/sharp-win32-x64': [ '0.34.2' ],
71 silly audit   '@isaacs/fs-minipass': [ '4.0.1' ],
71 silly audit   '@jridgewell/gen-mapping': [ '0.3.8' ],
71 silly audit   '@jridgewell/resolve-uri': [ '3.1.2' ],
71 silly audit   '@jridgewell/set-array': [ '1.2.1' ],
71 silly audit   '@jridgewell/sourcemap-codec': [ '1.5.0' ],
71 silly audit   '@jridgewell/trace-mapping': [ '0.3.25' ],
71 silly audit   '@napi-rs/wasm-runtime': [ '0.2.11' ],
71 silly audit   '@next/env': [ '15.3.4' ],
71 silly audit   '@next/eslint-plugin-next': [ '15.3.4' ],
71 silly audit   '@next/swc-darwin-arm64': [ '15.3.4' ],
71 silly audit   '@next/swc-darwin-x64': [ '15.3.4' ],
71 silly audit   '@next/swc-linux-arm64-gnu': [ '15.3.4' ],
71 silly audit   '@next/swc-linux-arm64-musl': [ '15.3.4' ],
71 silly audit   '@next/swc-linux-x64-gnu': [ '15.3.4' ],
71 silly audit   '@next/swc-linux-x64-musl': [ '15.3.4' ],
71 silly audit   '@next/swc-win32-arm64-msvc': [ '15.3.4' ],
71 silly audit   '@next/swc-win32-x64-msvc': [ '15.3.4' ],
71 silly audit   '@nodelib/fs.scandir': [ '2.1.5' ],
71 silly audit   '@nodelib/fs.stat': [ '2.0.5' ],
71 silly audit   '@nodelib/fs.walk': [ '1.2.8' ],
71 silly audit   '@nolyfill/is-core-module': [ '1.0.39' ],
71 silly audit   '@rtsao/scc': [ '1.1.0' ],
71 silly audit   '@rushstack/eslint-patch': [ '1.11.0' ],
71 silly audit   '@swc/counter': [ '0.1.3' ],
71 silly audit   '@swc/helpers': [ '0.5.15' ],
71 silly audit   '@tailwindcss/node': [ '4.1.10' ],
71 silly audit   '@tailwindcss/oxide': [ '4.1.10' ],
71 silly audit   '@tailwindcss/oxide-android-arm64': [ '4.1.10' ],
71 silly audit   '@tailwindcss/oxide-darwin-arm64': [ '4.1.10' ],
71 silly audit   '@tailwindcss/oxide-darwin-x64': [ '4.1.10' ],
71 silly audit   '@tailwindcss/oxide-freebsd-x64': [ '4.1.10' ],
71 silly audit   '@tailwindcss/oxide-linux-arm-gnueabihf': [ '4.1.10' ],
71 silly audit   '@tailwindcss/oxide-linux-arm64-gnu': [ '4.1.10' ],
71 silly audit   '@tailwindcss/oxide-linux-arm64-musl': [ '4.1.10' ],
71 silly audit   '@tailwindcss/oxide-linux-x64-gnu': [ '4.1.10' ],
71 silly audit   '@tailwindcss/oxide-linux-x64-musl': [ '4.1.10' ],
71 silly audit   '@tailwindcss/oxide-win32-arm64-msvc': [ '4.1.10' ],
71 silly audit   '@tailwindcss/oxide-win32-x64-msvc': [ '4.1.10' ],
71 silly audit   '@tailwindcss/postcss': [ '4.1.10' ],
71 silly audit   '@tybys/wasm-util': [ '0.9.0' ],
71 silly audit   '@types/estree': [ '1.0.8' ],
71 silly audit   '@types/json-schema': [ '7.0.15' ],
71 silly audit   '@types/json5': [ '0.0.29' ],
71 silly audit   '@typescript-eslint/eslint-plugin': [ '8.34.1' ],
71 silly audit   ignore: [ '7.0.5', '5.3.2' ],
71 silly audit   '@typescript-eslint/parser': [ '8.34.1' ],
71 silly audit   '@typescript-eslint/project-service': [ '8.34.1' ],
71 silly audit   '@typescript-eslint/scope-manager': [ '8.34.1' ],
71 silly audit   '@typescript-eslint/tsconfig-utils': [ '8.34.1' ],
71 silly audit   '@typescript-eslint/type-utils': [ '8.34.1' ],
71 silly audit   '@typescript-eslint/types': [ '8.34.1' ],
71 silly audit   '@typescript-eslint/typescript-estree': [ '8.34.1' ],
71 silly audit   'brace-expansion': [ '2.0.2', '1.1.12' ],
71 silly audit   'fast-glob': [ '3.3.3', '3.3.1' ],
71 silly audit   'glob-parent': [ '5.1.2', '6.0.2' ],
71 silly audit   minimatch: [ '9.0.5', '3.1.2' ],
71 silly audit   '@typescript-eslint/utils': [ '8.34.1' ],
71 silly audit   '@typescript-eslint/visitor-keys': [ '8.34.1' ],
71 silly audit   '@unrs/resolver-binding-android-arm-eabi': [ '1.9.0' ],
71 silly audit   '@unrs/resolver-binding-android-arm64': [ '1.9.0' ],
71 silly audit   '@unrs/resolver-binding-darwin-arm64': [ '1.9.0' ],
71 silly audit   '@unrs/resolver-binding-darwin-x64': [ '1.9.0' ],
71 silly audit   '@unrs/resolver-binding-freebsd-x64': [ '1.9.0' ],
71 silly audit   '@unrs/resolver-binding-linux-arm-gnueabihf': [ '1.9.0' ],
71 silly audit   '@unrs/resolver-binding-linux-arm-musleabihf': [ '1.9.0' ],
71 silly audit   '@unrs/resolver-binding-linux-arm64-gnu': [ '1.9.0' ],
71 silly audit   '@unrs/resolver-binding-linux-arm64-musl': [ '1.9.0' ],
71 silly audit   '@unrs/resolver-binding-linux-ppc64-gnu': [ '1.9.0' ],
71 silly audit   '@unrs/resolver-binding-linux-riscv64-gnu': [ '1.9.0' ],
71 silly audit   '@unrs/resolver-binding-linux-riscv64-musl': [ '1.9.0' ],
71 silly audit   '@unrs/resolver-binding-linux-s390x-gnu': [ '1.9.0' ],
71 silly audit   '@unrs/resolver-binding-linux-x64-gnu': [ '1.9.0' ],
71 silly audit   '@unrs/resolver-binding-linux-x64-musl': [ '1.9.0' ],
71 silly audit   '@unrs/resolver-binding-wasm32-wasi': [ '1.9.0' ],
71 silly audit   '@unrs/resolver-binding-win32-arm64-msvc': [ '1.9.0' ],
71 silly audit   '@unrs/resolver-binding-win32-ia32-msvc': [ '1.9.0' ],
71 silly audit   '@unrs/resolver-binding-win32-x64-msvc': [ '1.9.0' ],
71 silly audit   acorn: [ '8.15.0' ],
71 silly audit   'acorn-jsx': [ '5.3.2' ],
71 silly audit   ajv: [ '6.12.6' ],
71 silly audit   'ansi-styles': [ '4.3.0' ],
71 silly audit   argparse: [ '2.0.1' ],
71 silly audit   'aria-query': [ '5.3.2' ],
71 silly audit   'array-buffer-byte-length': [ '1.0.2' ],
71 silly audit   'array-includes': [ '3.1.9' ],
71 silly audit   'array.prototype.findlast': [ '1.2.5' ],
71 silly audit   'array.prototype.findlastindex': [ '1.2.6' ],
71 silly audit   'array.prototype.flat': [ '1.3.3' ],
71 silly audit   'array.prototype.flatmap': [ '1.3.3' ],
71 silly audit   'array.prototype.tosorted': [ '1.1.4' ],
71 silly audit   'arraybuffer.prototype.slice': [ '1.0.4' ],
71 silly audit   'ast-types-flow': [ '0.0.8' ],
71 silly audit   'async-function': [ '1.0.0' ],
71 silly audit   'available-typed-arrays': [ '1.0.7' ],
71 silly audit   'axe-core': [ '4.10.3' ],
71 silly audit   'axobject-query': [ '4.1.0' ],
71 silly audit   'balanced-match': [ '1.0.2' ],
71 silly audit   braces: [ '3.0.3' ],
71 silly audit   busboy: [ '1.6.0' ],
71 silly audit   'call-bind': [ '1.0.8' ],
71 silly audit   'call-bind-apply-helpers': [ '1.0.2' ],
71 silly audit   'call-bound': [ '1.0.4' ],
71 silly audit   callsites: [ '3.1.0' ],
71 silly audit   'caniuse-lite': [ '1.0.30001724' ],
71 silly audit   chalk: [ '4.1.2' ],
71 silly audit   chownr: [ '3.0.0' ],
71 silly audit   'client-only': [ '0.0.1' ],
71 silly audit   color: [ '4.2.3' ],
71 silly audit   'color-convert': [ '2.0.1' ],
71 silly audit   'color-name': [ '1.1.4' ],
71 silly audit   'color-string': [ '1.9.1' ],
71 silly audit   'concat-map': [ '0.0.1' ],
71 silly audit   'cross-spawn': [ '7.0.6' ],
71 silly audit   'damerau-levenshtein': [ '1.0.8' ],
71 silly audit   'data-view-buffer': [ '1.0.2' ],
71 silly audit   'data-view-byte-length': [ '1.0.2' ],
71 silly audit   'data-view-byte-offset': [ '1.0.1' ],
71 silly audit   debug: [ '4.4.1', '3.2.7' ],
71 silly audit   'deep-is': [ '0.1.4' ],
71 silly audit   'define-data-property': [ '1.1.4' ],
71 silly audit   'define-properties': [ '1.2.1' ],
71 silly audit   'detect-libc': [ '2.0.4' ],
71 silly audit   doctrine: [ '2.1.0' ],
71 silly audit   'dunder-proto': [ '1.0.1' ],
71 silly audit   'emoji-regex': [ '9.2.2' ],
71 silly audit   'enhanced-resolve': [ '5.18.1' ],
71 silly audit   'es-abstract': [ '1.24.0' ],
71 silly audit   'es-define-property': [ '1.0.1' ],
71 silly audit   'es-errors': [ '1.3.0' ],
71 silly audit   'es-iterator-helpers': [ '1.2.1' ],
71 silly audit   'es-object-atoms': [ '1.1.1' ],
71 silly audit   'es-set-tostringtag': [ '2.1.0' ],
71 silly audit   'es-shim-unscopables': [ '1.1.0' ],
71 silly audit   'es-to-primitive': [ '1.3.0' ],
71 silly audit   'escape-string-regexp': [ '4.0.0' ],
71 silly audit   eslint: [ '9.29.0' ],
71 silly audit   'eslint-config-next': [ '15.3.4' ],
71 silly audit   'eslint-import-resolver-node': [ '0.3.9' ],
71 silly audit   'eslint-import-resolver-typescript': [ '3.10.1' ],
71 silly audit   'eslint-module-utils': [ '2.12.1' ],
71 silly audit   'eslint-plugin-import': [ '2.31.0' ],
71 silly audit   semver: [ '6.3.1', '7.7.2' ],
71 silly audit   'eslint-plugin-jsx-a11y': [ '6.10.2' ],
71 silly audit   'eslint-plugin-react': [ '7.37.5' ],
71 silly audit   'eslint-plugin-react-hooks': [ '5.2.0' ],
71 silly audit   resolve: [ '2.0.0-next.5', '1.22.10' ],
71 silly audit   'eslint-scope': [ '8.4.0' ],
71 silly audit   espree: [ '10.4.0' ],
71 silly audit   esquery: [ '1.6.0' ],
71 silly audit   esrecurse: [ '4.3.0' ],
71 silly audit   estraverse: [ '5.3.0' ],
71 silly audit   esutils: [ '2.0.3' ],
71 silly audit   'fast-deep-equal': [ '3.1.3' ],
71 silly audit   'fast-json-stable-stringify': [ '2.1.0' ],
71 silly audit   'fast-levenshtein': [ '2.0.6' ],
71 silly audit   fastq: [ '1.19.1' ],
71 silly audit   'file-entry-cache': [ '8.0.0' ],
71 silly audit   'fill-range': [ '7.1.1' ],
71 silly audit   'find-up': [ '5.0.0' ],
71 silly audit   'flat-cache': [ '4.0.1' ],
71 silly audit   flatted: [ '3.3.3' ],
71 silly audit   'for-each': [ '0.3.5' ],
71 silly audit   'function-bind': [ '1.1.2' ],
71 silly audit   'function.prototype.name': [ '1.1.8' ],
71 silly audit   'functions-have-names': [ '1.2.3' ],
71 silly audit   'get-intrinsic': [ '1.3.0' ],
71 silly audit   'get-proto': [ '1.0.1' ],
71 silly audit   'get-symbol-description': [ '1.1.0' ],
71 silly audit   'get-tsconfig': [ '4.10.1' ],
71 silly audit   globals: [ '14.0.0' ],
71 silly audit   globalthis: [ '1.0.4' ],
71 silly audit   gopd: [ '1.2.0' ],
71 silly audit   'graceful-fs': [ '4.2.11' ],
71 silly audit   graphemer: [ '1.4.0' ],
71 silly audit   'has-bigints': [ '1.1.0' ],
71 silly audit   'has-flag': [ '4.0.0' ],
71 silly audit   'has-property-descriptors': [ '1.0.2' ],
71 silly audit   'has-proto': [ '1.2.0' ],
71 silly audit   'has-symbols': [ '1.1.0' ],
71 silly audit   'has-tostringtag': [ '1.0.2' ],
71 silly audit   hasown: [ '2.0.2' ],
71 silly audit   'import-fresh': [ '3.3.1' ],
71 silly audit   imurmurhash: [ '0.1.4' ],
71 silly audit   'internal-slot': [ '1.1.0' ],
71 silly audit   'is-array-buffer': [ '3.0.5' ],
71 silly audit   'is-arrayish': [ '0.3.2' ],
71 silly audit   'is-async-function': [ '2.1.1' ],
71 silly audit   'is-bigint': [ '1.1.0' ],
71 silly audit   'is-boolean-object': [ '1.2.2' ],
71 silly audit   'is-bun-module': [ '2.0.0' ],
71 silly audit   'is-callable': [ '1.2.7' ],
71 silly audit   'is-core-module': [ '2.16.1' ],
71 silly audit   'is-data-view': [ '1.0.2' ],
71 silly audit   'is-date-object': [ '1.1.0' ],
71 silly audit   'is-extglob': [ '2.1.1' ],
71 silly audit   'is-finalizationregistry': [ '1.1.1' ],
71 silly audit   'is-generator-function': [ '1.1.0' ],
71 silly audit   'is-glob': [ '4.0.3' ],
71 silly audit   'is-map': [ '2.0.3' ],
71 silly audit   'is-negative-zero': [ '2.0.3' ],
71 silly audit   'is-number': [ '7.0.0' ],
71 silly audit   'is-number-object': [ '1.1.1' ],
71 silly audit   'is-regex': [ '1.2.1' ],
71 silly audit   'is-set': [ '2.0.3' ],
71 silly audit   'is-shared-array-buffer': [ '1.0.4' ],
71 silly audit   'is-string': [ '1.1.1' ],
71 silly audit   'is-symbol': [ '1.1.1' ],
71 silly audit   'is-typed-array': [ '1.1.15' ],
71 silly audit   'is-weakmap': [ '2.0.2' ],
71 silly audit   'is-weakref': [ '1.1.1' ],
71 silly audit   'is-weakset': [ '2.0.4' ],
71 silly audit   isarray: [ '2.0.5' ],
71 silly audit   isexe: [ '2.0.0' ],
71 silly audit   'iterator.prototype': [ '1.1.5' ],
71 silly audit   jiti: [ '2.4.2' ],
71 silly audit   'js-tokens': [ '4.0.0' ],
71 silly audit   'js-yaml': [ '4.1.0' ],
71 silly audit   'json-buffer': [ '3.0.1' ],
71 silly audit   'json-schema-traverse': [ '0.4.1' ],
71 silly audit   'json-stable-stringify-without-jsonify': [ '1.0.1' ],
71 silly audit   json5: [ '1.0.2' ],
71 silly audit   'jsx-ast-utils': [ '3.3.5' ],
71 silly audit   keyv: [ '4.5.4' ],
71 silly audit   'language-subtag-registry': [ '0.3.23' ],
71 silly audit   'language-tags': [ '1.0.9' ],
71 silly audit   levn: [ '0.4.1' ],
71 silly audit   lightningcss: [ '1.30.1' ],
71 silly audit   'lightningcss-darwin-arm64': [ '1.30.1' ],
71 silly audit   'lightningcss-darwin-x64': [ '1.30.1' ],
71 silly audit   'lightningcss-freebsd-x64': [ '1.30.1' ],
71 silly audit   'lightningcss-linux-arm-gnueabihf': [ '1.30.1' ],
71 silly audit   'lightningcss-linux-arm64-gnu': [ '1.30.1' ],
71 silly audit   'lightningcss-linux-arm64-musl': [ '1.30.1' ],
71 silly audit   'lightningcss-linux-x64-gnu': [ '1.30.1' ],
71 silly audit   'lightningcss-linux-x64-musl': [ '1.30.1' ],
71 silly audit   'lightningcss-win32-arm64-msvc': [ '1.30.1' ],
71 silly audit   'lightningcss-win32-x64-msvc': [ '1.30.1' ],
71 silly audit   'locate-path': [ '6.0.0' ],
71 silly audit   'lodash.merge': [ '4.6.2' ],
71 silly audit   'loose-envify': [ '1.4.0' ],
71 silly audit   'magic-string': [ '0.30.17' ],
71 silly audit   'math-intrinsics': [ '1.1.0' ],
71 silly audit   merge2: [ '1.4.1' ],
71 silly audit   micromatch: [ '4.0.8' ],
71 silly audit   minimist: [ '1.2.8' ],
71 silly audit   minipass: [ '7.1.2' ],
71 silly audit   minizlib: [ '3.0.2' ],
71 silly audit   mkdirp: [ '3.0.1' ],
71 silly audit   ms: [ '2.1.3' ],
71 silly audit   nanoid: [ '3.3.11' ],
71 silly audit   'napi-postinstall': [ '0.2.4' ],
71 silly audit   'natural-compare': [ '1.4.0' ],
71 silly audit   next: [ '15.3.4' ],
71 silly audit   postcss: [ '8.4.31', '8.5.6' ],
71 silly audit   'object-assign': [ '4.1.1' ],
71 silly audit   'object-inspect': [ '1.13.4' ],
71 silly audit   'object-keys': [ '1.1.1' ],
71 silly audit   'object.assign': [ '4.1.7' ],
71 silly audit   'object.entries': [ '1.1.9' ],
71 silly audit   'object.fromentries': [ '2.0.8' ],
71 silly audit   'object.groupby': [ '1.0.3' ],
71 silly audit   'object.values': [ '1.2.1' ],
71 silly audit   optionator: [ '0.9.4' ],
71 silly audit   'own-keys': [ '1.0.1' ],
71 silly audit   'p-limit': [ '3.1.0' ],
71 silly audit   'p-locate': [ '5.0.0' ],
71 silly audit   'parent-module': [ '1.0.1' ],
71 silly audit   'path-exists': [ '4.0.0' ],
71 silly audit   'path-key': [ '3.1.1' ],
71 silly audit   'path-parse': [ '1.0.7' ],
71 silly audit   picocolors: [ '1.1.1' ],
71 silly audit   picomatch: [ '2.3.1', '4.0.2' ],
71 silly audit   'possible-typed-array-names': [ '1.1.0' ],
71 silly audit   'prelude-ls': [ '1.2.1' ],
71 silly audit   'prop-types': [ '15.8.1' ],
71 silly audit   punycode: [ '2.3.1' ],
71 silly audit   'queue-microtask': [ '1.2.3' ],
71 silly audit   react: [ '19.1.0' ],
71 silly audit   'react-dom': [ '19.1.0' ],
71 silly audit   'react-is': [ '16.13.1' ],
71 silly audit   'reflect.getprototypeof': [ '1.0.10' ],
71 silly audit   'regexp.prototype.flags': [ '1.5.4' ],
71 silly audit   'resolve-from': [ '4.0.0' ],
71 silly audit   'resolve-pkg-maps': [ '1.0.0' ],
71 silly audit   reusify: [ '1.1.0' ],
71 silly audit   'run-parallel': [ '1.2.0' ],
71 silly audit   'safe-array-concat': [ '1.1.3' ],
71 silly audit   'safe-push-apply': [ '1.0.0' ],
71 silly audit   'safe-regex-test': [ '1.1.0' ],
71 silly audit   scheduler: [ '0.26.0' ],
71 silly audit   'set-function-length': [ '1.2.2' ],
71 silly audit   'set-function-name': [ '2.0.2' ],
71 silly audit   'set-proto': [ '1.0.0' ],
71 silly audit   sharp: [ '0.34.2' ],
71 silly audit   'shebang-command': [ '2.0.0' ],
71 silly audit   'shebang-regex': [ '3.0.0' ],
71 silly audit   'side-channel': [ '1.1.0' ],
71 silly audit   'side-channel-list': [ '1.0.0' ],
71 silly audit   'side-channel-map': [ '1.0.1' ],
71 silly audit   'side-channel-weakmap': [ '1.0.2' ],
71 silly audit   'simple-swizzle': [ '0.2.2' ],
71 silly audit   'source-map-js': [ '1.2.1' ],
71 silly audit   'stable-hash': [ '0.0.5' ],
71 silly audit   'stop-iteration-iterator': [ '1.1.0' ],
71 silly audit   streamsearch: [ '1.1.0' ],
71 silly audit   'string.prototype.includes': [ '2.0.1' ],
71 silly audit   'string.prototype.matchall': [ '4.0.12' ],
71 silly audit   'string.prototype.repeat': [ '1.0.0' ],
71 silly audit   'string.prototype.trim': [ '1.2.10' ],
71 silly audit   'string.prototype.trimend': [ '1.0.9' ],
71 silly audit   'string.prototype.trimstart': [ '1.0.8' ],
71 silly audit   'strip-bom': [ '3.0.0' ],
71 silly audit   'strip-json-comments': [ '3.1.1' ],
71 silly audit   'styled-jsx': [ '5.1.6' ],
71 silly audit   'supports-color': [ '7.2.0' ],
71 silly audit   'supports-preserve-symlinks-flag': [ '1.0.0' ],
71 silly audit   tailwindcss: [ '4.1.10' ],
71 silly audit   tapable: [ '2.2.2' ],
71 silly audit   tar: [ '7.4.3' ],
71 silly audit   tinyglobby: [ '0.2.14' ],
71 silly audit   fdir: [ '6.4.6' ],
71 silly audit   'to-regex-range': [ '5.0.1' ],
71 silly audit   'ts-api-utils': [ '2.1.0' ],
71 silly audit   'tsconfig-paths': [ '3.15.0' ],
71 silly audit   tslib: [ '2.8.1' ],
71 silly audit   'type-check': [ '0.4.0' ],
71 silly audit   'typed-array-buffer': [ '1.0.3' ],
71 silly audit   'typed-array-byte-length': [ '1.0.3' ],
71 silly audit   'typed-array-byte-offset': [ '1.0.4' ],
71 silly audit   'typed-array-length': [ '1.0.7' ],
71 silly audit   'unbox-primitive': [ '1.1.0' ],
71 silly audit   'unrs-resolver': [ '1.9.0' ],
71 silly audit   'uri-js': [ '4.4.1' ],
71 silly audit   which: [ '2.0.2' ],
71 silly audit   'which-boxed-primitive': [ '1.1.1' ],
71 silly audit   'which-builtin-type': [ '1.2.1' ],
71 silly audit   'which-collection': [ '1.0.2' ],
71 silly audit   'which-typed-array': [ '1.1.19' ],
71 silly audit   'word-wrap': [ '1.2.5' ],
71 silly audit   yallist: [ '5.0.0' ],
71 silly audit   'yocto-queue': [ '0.1.0' ],
71 silly audit   'lucide-react': [ '0.525.0' ],
71 silly audit   typescript: [ '5.8.3' ],
71 silly audit   '@tailwindcss/oxide-wasm32-wasi': [ '4.1.10' ]
71 silly audit }
72 verbose reify failed optional dependency G:\notai\VSCodeProjects\franartic-portfolio\node_modules\lightningcss-win32-arm64-msvc
73 silly reify mark deleted [
73 silly reify   'G:\\notai\\VSCodeProjects\\franartic-portfolio\\node_modules\\lightningcss-win32-arm64-msvc'
73 silly reify ]
74 verbose reify failed optional dependency G:\notai\VSCodeProjects\franartic-portfolio\node_modules\lightningcss-linux-x64-musl
75 silly reify mark deleted [
75 silly reify   'G:\\notai\\VSCodeProjects\\franartic-portfolio\\node_modules\\lightningcss-linux-x64-musl'
75 silly reify ]
76 verbose reify failed optional dependency G:\notai\VSCodeProjects\franartic-portfolio\node_modules\lightningcss-linux-x64-gnu
77 silly reify mark deleted [
77 silly reify   'G:\\notai\\VSCodeProjects\\franartic-portfolio\\node_modules\\lightningcss-linux-x64-gnu'
77 silly reify ]
78 verbose reify failed optional dependency G:\notai\VSCodeProjects\franartic-portfolio\node_modules\lightningcss-linux-arm64-musl
79 silly reify mark deleted [
79 silly reify   'G:\\notai\\VSCodeProjects\\franartic-portfolio\\node_modules\\lightningcss-linux-arm64-musl'
79 silly reify ]
80 verbose reify failed optional dependency G:\notai\VSCodeProjects\franartic-portfolio\node_modules\lightningcss-linux-arm64-gnu
81 silly reify mark deleted [
81 silly reify   'G:\\notai\\VSCodeProjects\\franartic-portfolio\\node_modules\\lightningcss-linux-arm64-gnu'
81 silly reify ]
82 verbose reify failed optional dependency G:\notai\VSCodeProjects\franartic-portfolio\node_modules\lightningcss-linux-arm-gnueabihf
83 silly reify mark deleted [
83 silly reify   'G:\\notai\\VSCodeProjects\\franartic-portfolio\\node_modules\\lightningcss-linux-arm-gnueabihf'
83 silly reify ]
84 verbose reify failed optional dependency G:\notai\VSCodeProjects\franartic-portfolio\node_modules\lightningcss-freebsd-x64
85 silly reify mark deleted [
85 silly reify   'G:\\notai\\VSCodeProjects\\franartic-portfolio\\node_modules\\lightningcss-freebsd-x64'
85 silly reify ]
86 verbose reify failed optional dependency G:\notai\VSCodeProjects\franartic-portfolio\node_modules\lightningcss-darwin-x64
87 silly reify mark deleted [
87 silly reify   'G:\\notai\\VSCodeProjects\\franartic-portfolio\\node_modules\\lightningcss-darwin-x64'
87 silly reify ]
88 verbose reify failed optional dependency G:\notai\VSCodeProjects\franartic-portfolio\node_modules\lightningcss-darwin-arm64
89 silly reify mark deleted [
89 silly reify   'G:\\notai\\VSCodeProjects\\franartic-portfolio\\node_modules\\lightningcss-darwin-arm64'
89 silly reify ]
90 verbose reify failed optional dependency G:\notai\VSCodeProjects\franartic-portfolio\node_modules\@unrs\resolver-binding-win32-ia32-msvc
91 silly reify mark deleted [
91 silly reify   'G:\\notai\\VSCodeProjects\\franartic-portfolio\\node_modules\\@unrs\\resolver-binding-win32-ia32-msvc'
91 silly reify ]
92 verbose reify failed optional dependency G:\notai\VSCodeProjects\franartic-portfolio\node_modules\@unrs\resolver-binding-win32-arm64-msvc
93 silly reify mark deleted [
93 silly reify   'G:\\notai\\VSCodeProjects\\franartic-portfolio\\node_modules\\@unrs\\resolver-binding-win32-arm64-msvc'
93 silly reify ]
94 verbose reify failed optional dependency G:\notai\VSCodeProjects\franartic-portfolio\node_modules\@unrs\resolver-binding-wasm32-wasi
95 silly reify mark deleted [
95 silly reify   'G:\\notai\\VSCodeProjects\\franartic-portfolio\\node_modules\\@unrs\\resolver-binding-wasm32-wasi'
95 silly reify ]
96 verbose reify failed optional dependency G:\notai\VSCodeProjects\franartic-portfolio\node_modules\@unrs\resolver-binding-linux-x64-musl
97 silly reify mark deleted [
97 silly reify   'G:\\notai\\VSCodeProjects\\franartic-portfolio\\node_modules\\@unrs\\resolver-binding-linux-x64-musl'
97 silly reify ]
98 verbose reify failed optional dependency G:\notai\VSCodeProjects\franartic-portfolio\node_modules\@unrs\resolver-binding-linux-x64-gnu
99 silly reify mark deleted [
99 silly reify   'G:\\notai\\VSCodeProjects\\franartic-portfolio\\node_modules\\@unrs\\resolver-binding-linux-x64-gnu'
99 silly reify ]
100 verbose reify failed optional dependency G:\notai\VSCodeProjects\franartic-portfolio\node_modules\@unrs\resolver-binding-linux-s390x-gnu
101 silly reify mark deleted [
101 silly reify   'G:\\notai\\VSCodeProjects\\franartic-portfolio\\node_modules\\@unrs\\resolver-binding-linux-s390x-gnu'
101 silly reify ]
102 verbose reify failed optional dependency G:\notai\VSCodeProjects\franartic-portfolio\node_modules\@unrs\resolver-binding-linux-riscv64-musl
103 silly reify mark deleted [
103 silly reify   'G:\\notai\\VSCodeProjects\\franartic-portfolio\\node_modules\\@unrs\\resolver-binding-linux-riscv64-musl'
103 silly reify ]
104 verbose reify failed optional dependency G:\notai\VSCodeProjects\franartic-portfolio\node_modules\@unrs\resolver-binding-linux-riscv64-gnu
105 silly reify mark deleted [
105 silly reify   'G:\\notai\\VSCodeProjects\\franartic-portfolio\\node_modules\\@unrs\\resolver-binding-linux-riscv64-gnu'
105 silly reify ]
106 verbose reify failed optional dependency G:\notai\VSCodeProjects\franartic-portfolio\node_modules\@unrs\resolver-binding-linux-ppc64-gnu
107 silly reify mark deleted [
107 silly reify   'G:\\notai\\VSCodeProjects\\franartic-portfolio\\node_modules\\@unrs\\resolver-binding-linux-ppc64-gnu'
107 silly reify ]
108 verbose reify failed optional dependency G:\notai\VSCodeProjects\franartic-portfolio\node_modules\@unrs\resolver-binding-linux-arm64-musl
109 silly reify mark deleted [
109 silly reify   'G:\\notai\\VSCodeProjects\\franartic-portfolio\\node_modules\\@unrs\\resolver-binding-linux-arm64-musl'
109 silly reify ]
110 verbose reify failed optional dependency G:\notai\VSCodeProjects\franartic-portfolio\node_modules\@unrs\resolver-binding-linux-arm64-gnu
111 silly reify mark deleted [
111 silly reify   'G:\\notai\\VSCodeProjects\\franartic-portfolio\\node_modules\\@unrs\\resolver-binding-linux-arm64-gnu'
111 silly reify ]
112 verbose reify failed optional dependency G:\notai\VSCodeProjects\franartic-portfolio\node_modules\@unrs\resolver-binding-linux-arm-musleabihf
113 silly reify mark deleted [
113 silly reify   'G:\\notai\\VSCodeProjects\\franartic-portfolio\\node_modules\\@unrs\\resolver-binding-linux-arm-musleabihf'
113 silly reify ]
114 verbose reify failed optional dependency G:\notai\VSCodeProjects\franartic-portfolio\node_modules\@unrs\resolver-binding-linux-arm-gnueabihf
115 silly reify mark deleted [
115 silly reify   'G:\\notai\\VSCodeProjects\\franartic-portfolio\\node_modules\\@unrs\\resolver-binding-linux-arm-gnueabihf'
115 silly reify ]
116 verbose reify failed optional dependency G:\notai\VSCodeProjects\franartic-portfolio\node_modules\@unrs\resolver-binding-freebsd-x64
117 silly reify mark deleted [
117 silly reify   'G:\\notai\\VSCodeProjects\\franartic-portfolio\\node_modules\\@unrs\\resolver-binding-freebsd-x64'
117 silly reify ]
118 verbose reify failed optional dependency G:\notai\VSCodeProjects\franartic-portfolio\node_modules\@unrs\resolver-binding-darwin-x64
119 silly reify mark deleted [
119 silly reify   'G:\\notai\\VSCodeProjects\\franartic-portfolio\\node_modules\\@unrs\\resolver-binding-darwin-x64'
119 silly reify ]
120 verbose reify failed optional dependency G:\notai\VSCodeProjects\franartic-portfolio\node_modules\@unrs\resolver-binding-darwin-arm64
121 silly reify mark deleted [
121 silly reify   'G:\\notai\\VSCodeProjects\\franartic-portfolio\\node_modules\\@unrs\\resolver-binding-darwin-arm64'
121 silly reify ]
122 verbose reify failed optional dependency G:\notai\VSCodeProjects\franartic-portfolio\node_modules\@unrs\resolver-binding-android-arm64
123 silly reify mark deleted [
123 silly reify   'G:\\notai\\VSCodeProjects\\franartic-portfolio\\node_modules\\@unrs\\resolver-binding-android-arm64'
123 silly reify ]
124 verbose reify failed optional dependency G:\notai\VSCodeProjects\franartic-portfolio\node_modules\@unrs\resolver-binding-android-arm-eabi
125 silly reify mark deleted [
125 silly reify   'G:\\notai\\VSCodeProjects\\franartic-portfolio\\node_modules\\@unrs\\resolver-binding-android-arm-eabi'
125 silly reify ]
126 verbose reify failed optional dependency G:\notai\VSCodeProjects\franartic-portfolio\node_modules\@tailwindcss\oxide-win32-arm64-msvc
127 silly reify mark deleted [
127 silly reify   'G:\\notai\\VSCodeProjects\\franartic-portfolio\\node_modules\\@tailwindcss\\oxide-win32-arm64-msvc'
127 silly reify ]
128 verbose reify failed optional dependency G:\notai\VSCodeProjects\franartic-portfolio\node_modules\@tailwindcss\oxide-linux-x64-musl
129 silly reify mark deleted [
129 silly reify   'G:\\notai\\VSCodeProjects\\franartic-portfolio\\node_modules\\@tailwindcss\\oxide-linux-x64-musl'
129 silly reify ]
130 verbose reify failed optional dependency G:\notai\VSCodeProjects\franartic-portfolio\node_modules\@tailwindcss\oxide-linux-x64-gnu
131 silly reify mark deleted [
131 silly reify   'G:\\notai\\VSCodeProjects\\franartic-portfolio\\node_modules\\@tailwindcss\\oxide-linux-x64-gnu'
131 silly reify ]
132 verbose reify failed optional dependency G:\notai\VSCodeProjects\franartic-portfolio\node_modules\@tailwindcss\oxide-linux-arm64-musl
133 silly reify mark deleted [
133 silly reify   'G:\\notai\\VSCodeProjects\\franartic-portfolio\\node_modules\\@tailwindcss\\oxide-linux-arm64-musl'
133 silly reify ]
134 verbose reify failed optional dependency G:\notai\VSCodeProjects\franartic-portfolio\node_modules\@tailwindcss\oxide-linux-arm64-gnu
135 silly reify mark deleted [
135 silly reify   'G:\\notai\\VSCodeProjects\\franartic-portfolio\\node_modules\\@tailwindcss\\oxide-linux-arm64-gnu'
135 silly reify ]
136 verbose reify failed optional dependency G:\notai\VSCodeProjects\franartic-portfolio\node_modules\@tailwindcss\oxide-linux-arm-gnueabihf
137 silly reify mark deleted [
137 silly reify   'G:\\notai\\VSCodeProjects\\franartic-portfolio\\node_modules\\@tailwindcss\\oxide-linux-arm-gnueabihf'
137 silly reify ]
138 verbose reify failed optional dependency G:\notai\VSCodeProjects\franartic-portfolio\node_modules\@tailwindcss\oxide-freebsd-x64
139 silly reify mark deleted [
139 silly reify   'G:\\notai\\VSCodeProjects\\franartic-portfolio\\node_modules\\@tailwindcss\\oxide-freebsd-x64'
139 silly reify ]
140 verbose reify failed optional dependency G:\notai\VSCodeProjects\franartic-portfolio\node_modules\@tailwindcss\oxide-darwin-x64
141 silly reify mark deleted [
141 silly reify   'G:\\notai\\VSCodeProjects\\franartic-portfolio\\node_modules\\@tailwindcss\\oxide-darwin-x64'
141 silly reify ]
142 verbose reify failed optional dependency G:\notai\VSCodeProjects\franartic-portfolio\node_modules\@tailwindcss\oxide-darwin-arm64
143 silly reify mark deleted [
143 silly reify   'G:\\notai\\VSCodeProjects\\franartic-portfolio\\node_modules\\@tailwindcss\\oxide-darwin-arm64'
143 silly reify ]
144 verbose reify failed optional dependency G:\notai\VSCodeProjects\franartic-portfolio\node_modules\@tailwindcss\oxide-android-arm64
145 silly reify mark deleted [
145 silly reify   'G:\\notai\\VSCodeProjects\\franartic-portfolio\\node_modules\\@tailwindcss\\oxide-android-arm64'
145 silly reify ]
146 verbose reify failed optional dependency G:\notai\VSCodeProjects\franartic-portfolio\node_modules\@next\swc-win32-arm64-msvc
147 silly reify mark deleted [
147 silly reify   'G:\\notai\\VSCodeProjects\\franartic-portfolio\\node_modules\\@next\\swc-win32-arm64-msvc'
147 silly reify ]
148 verbose reify failed optional dependency G:\notai\VSCodeProjects\franartic-portfolio\node_modules\@next\swc-linux-x64-musl
149 silly reify mark deleted [
149 silly reify   'G:\\notai\\VSCodeProjects\\franartic-portfolio\\node_modules\\@next\\swc-linux-x64-musl'
149 silly reify ]
150 verbose reify failed optional dependency G:\notai\VSCodeProjects\franartic-portfolio\node_modules\@next\swc-linux-x64-gnu
151 silly reify mark deleted [
151 silly reify   'G:\\notai\\VSCodeProjects\\franartic-portfolio\\node_modules\\@next\\swc-linux-x64-gnu'
151 silly reify ]
152 verbose reify failed optional dependency G:\notai\VSCodeProjects\franartic-portfolio\node_modules\@next\swc-linux-arm64-musl
153 silly reify mark deleted [
153 silly reify   'G:\\notai\\VSCodeProjects\\franartic-portfolio\\node_modules\\@next\\swc-linux-arm64-musl'
153 silly reify ]
154 verbose reify failed optional dependency G:\notai\VSCodeProjects\franartic-portfolio\node_modules\@next\swc-linux-arm64-gnu
155 silly reify mark deleted [
155 silly reify   'G:\\notai\\VSCodeProjects\\franartic-portfolio\\node_modules\\@next\\swc-linux-arm64-gnu'
155 silly reify ]
156 verbose reify failed optional dependency G:\notai\VSCodeProjects\franartic-portfolio\node_modules\@next\swc-darwin-x64
157 silly reify mark deleted [
157 silly reify   'G:\\notai\\VSCodeProjects\\franartic-portfolio\\node_modules\\@next\\swc-darwin-x64'
157 silly reify ]
158 verbose reify failed optional dependency G:\notai\VSCodeProjects\franartic-portfolio\node_modules\@next\swc-darwin-arm64
159 silly reify mark deleted [
159 silly reify   'G:\\notai\\VSCodeProjects\\franartic-portfolio\\node_modules\\@next\\swc-darwin-arm64'
159 silly reify ]
160 verbose reify failed optional dependency G:\notai\VSCodeProjects\franartic-portfolio\node_modules\@img\sharp-win32-ia32
161 silly reify mark deleted [
161 silly reify   'G:\\notai\\VSCodeProjects\\franartic-portfolio\\node_modules\\@img\\sharp-win32-ia32'
161 silly reify ]
162 verbose reify failed optional dependency G:\notai\VSCodeProjects\franartic-portfolio\node_modules\@img\sharp-win32-arm64
163 silly reify mark deleted [
163 silly reify   'G:\\notai\\VSCodeProjects\\franartic-portfolio\\node_modules\\@img\\sharp-win32-arm64'
163 silly reify ]
164 verbose reify failed optional dependency G:\notai\VSCodeProjects\franartic-portfolio\node_modules\@img\sharp-wasm32
165 silly reify mark deleted [
165 silly reify   'G:\\notai\\VSCodeProjects\\franartic-portfolio\\node_modules\\@img\\sharp-wasm32'
165 silly reify ]
166 verbose reify failed optional dependency G:\notai\VSCodeProjects\franartic-portfolio\node_modules\@img\sharp-linuxmusl-x64
167 silly reify mark deleted [
167 silly reify   'G:\\notai\\VSCodeProjects\\franartic-portfolio\\node_modules\\@img\\sharp-linuxmusl-x64'
167 silly reify ]
168 verbose reify failed optional dependency G:\notai\VSCodeProjects\franartic-portfolio\node_modules\@img\sharp-linuxmusl-arm64
169 silly reify mark deleted [
169 silly reify   'G:\\notai\\VSCodeProjects\\franartic-portfolio\\node_modules\\@img\\sharp-linuxmusl-arm64'
169 silly reify ]
170 verbose reify failed optional dependency G:\notai\VSCodeProjects\franartic-portfolio\node_modules\@img\sharp-linux-x64
171 silly reify mark deleted [
171 silly reify   'G:\\notai\\VSCodeProjects\\franartic-portfolio\\node_modules\\@img\\sharp-linux-x64'
171 silly reify ]
172 verbose reify failed optional dependency G:\notai\VSCodeProjects\franartic-portfolio\node_modules\@img\sharp-linux-s390x
173 silly reify mark deleted [
173 silly reify   'G:\\notai\\VSCodeProjects\\franartic-portfolio\\node_modules\\@img\\sharp-linux-s390x'
173 silly reify ]
174 verbose reify failed optional dependency G:\notai\VSCodeProjects\franartic-portfolio\node_modules\@img\sharp-linux-arm64
175 silly reify mark deleted [
175 silly reify   'G:\\notai\\VSCodeProjects\\franartic-portfolio\\node_modules\\@img\\sharp-linux-arm64'
175 silly reify ]
176 verbose reify failed optional dependency G:\notai\VSCodeProjects\franartic-portfolio\node_modules\@img\sharp-linux-arm
177 silly reify mark deleted [
177 silly reify   'G:\\notai\\VSCodeProjects\\franartic-portfolio\\node_modules\\@img\\sharp-linux-arm'
177 silly reify ]
178 verbose reify failed optional dependency G:\notai\VSCodeProjects\franartic-portfolio\node_modules\@img\sharp-libvips-linuxmusl-x64
179 silly reify mark deleted [
179 silly reify   'G:\\notai\\VSCodeProjects\\franartic-portfolio\\node_modules\\@img\\sharp-libvips-linuxmusl-x64'
179 silly reify ]
180 verbose reify failed optional dependency G:\notai\VSCodeProjects\franartic-portfolio\node_modules\@img\sharp-libvips-linuxmusl-arm64
181 silly reify mark deleted [
181 silly reify   'G:\\notai\\VSCodeProjects\\franartic-portfolio\\node_modules\\@img\\sharp-libvips-linuxmusl-arm64'
181 silly reify ]
182 verbose reify failed optional dependency G:\notai\VSCodeProjects\franartic-portfolio\node_modules\@img\sharp-libvips-linux-x64
183 silly reify mark deleted [
183 silly reify   'G:\\notai\\VSCodeProjects\\franartic-portfolio\\node_modules\\@img\\sharp-libvips-linux-x64'
183 silly reify ]
184 verbose reify failed optional dependency G:\notai\VSCodeProjects\franartic-portfolio\node_modules\@img\sharp-libvips-linux-s390x
185 silly reify mark deleted [
185 silly reify   'G:\\notai\\VSCodeProjects\\franartic-portfolio\\node_modules\\@img\\sharp-libvips-linux-s390x'
185 silly reify ]
186 verbose reify failed optional dependency G:\notai\VSCodeProjects\franartic-portfolio\node_modules\@img\sharp-libvips-linux-ppc64
187 silly reify mark deleted [
187 silly reify   'G:\\notai\\VSCodeProjects\\franartic-portfolio\\node_modules\\@img\\sharp-libvips-linux-ppc64'
187 silly reify ]
188 verbose reify failed optional dependency G:\notai\VSCodeProjects\franartic-portfolio\node_modules\@img\sharp-libvips-linux-arm64
189 silly reify mark deleted [
189 silly reify   'G:\\notai\\VSCodeProjects\\franartic-portfolio\\node_modules\\@img\\sharp-libvips-linux-arm64'
189 silly reify ]
190 verbose reify failed optional dependency G:\notai\VSCodeProjects\franartic-portfolio\node_modules\@img\sharp-libvips-linux-arm
191 silly reify mark deleted [
191 silly reify   'G:\\notai\\VSCodeProjects\\franartic-portfolio\\node_modules\\@img\\sharp-libvips-linux-arm'
191 silly reify ]
192 verbose reify failed optional dependency G:\notai\VSCodeProjects\franartic-portfolio\node_modules\@img\sharp-libvips-darwin-x64
193 silly reify mark deleted [
193 silly reify   'G:\\notai\\VSCodeProjects\\franartic-portfolio\\node_modules\\@img\\sharp-libvips-darwin-x64'
193 silly reify ]
194 verbose reify failed optional dependency G:\notai\VSCodeProjects\franartic-portfolio\node_modules\@img\sharp-libvips-darwin-arm64
195 silly reify mark deleted [
195 silly reify   'G:\\notai\\VSCodeProjects\\franartic-portfolio\\node_modules\\@img\\sharp-libvips-darwin-arm64'
195 silly reify ]
196 verbose reify failed optional dependency G:\notai\VSCodeProjects\franartic-portfolio\node_modules\@img\sharp-darwin-x64
197 silly reify mark deleted [
197 silly reify   'G:\\notai\\VSCodeProjects\\franartic-portfolio\\node_modules\\@img\\sharp-darwin-x64'
197 silly reify ]
198 verbose reify failed optional dependency G:\notai\VSCodeProjects\franartic-portfolio\node_modules\@img\sharp-darwin-arm64
199 silly reify mark deleted [
199 silly reify   'G:\\notai\\VSCodeProjects\\franartic-portfolio\\node_modules\\@img\\sharp-darwin-arm64'
199 silly reify ]
200 http cache typescript@https://registry.npmjs.org/typescript/-/typescript-5.8.3.tgz 0ms (cache hit)
201 http cache lucide-react@https://registry.npmjs.org/lucide-react/-/lucide-react-0.525.0.tgz 0ms (cache hit)
202 silly tarball no local data for lucide-react@https://registry.npmjs.org/lucide-react/-/lucide-react-0.525.0.tgz. Extracting by manifest.
203 http fetch POST 200 https://registry.npmjs.org/-/npm/v1/security/advisories/bulk 454ms
204 silly audit report {}
205 http fetch GET 200 https://registry.npmjs.org/lucide-react/-/lucide-react-0.525.0.tgz 11624ms (cache miss)
206 silly ADD node_modules/typescript
207 silly ADD
208 silly ADD
209 silly ADD
210 silly ADD
211 silly ADD
212 silly ADD
213 silly ADD
214 silly ADD
215 silly ADD
216 silly ADD
217 silly ADD
218 silly ADD
219 silly ADD
220 silly ADD
221 silly ADD
222 silly ADD
223 silly ADD
224 silly ADD
225 silly ADD
226 silly ADD
227 silly ADD
228 silly ADD
229 silly ADD
230 silly ADD
231 silly ADD
232 silly ADD
233 silly ADD
234 silly ADD
235 silly ADD
236 silly ADD
237 silly ADD
238 silly ADD
239 silly ADD
240 silly ADD
241 silly ADD
242 silly ADD
243 silly ADD
244 silly ADD
245 silly ADD
246 silly ADD
247 silly ADD
248 silly ADD
249 silly ADD
250 silly ADD
251 silly ADD
252 silly ADD
253 silly ADD
254 silly ADD
255 silly ADD
256 silly ADD
257 silly ADD
258 silly ADD
259 silly ADD
260 silly ADD
261 silly ADD
262 silly ADD
263 silly ADD
264 silly ADD
265 silly ADD
266 silly ADD
267 silly ADD
268 silly ADD
269 silly ADD
270 silly ADD
271 silly ADD
272 silly REMOVE node_modules/warning
273 silly REMOVE node_modules/update-browserslist-db
274 silly REMOVE node_modules/uncontrollable
275 silly REMOVE node_modules/swiper
276 silly REMOVE node_modules/react-transition-group
277 silly REMOVE node_modules/react-lifecycles-compat
278 silly REMOVE node_modules/react-intersection-observer
279 silly REMOVE node_modules/react-bootstrap
280 silly REMOVE node_modules/prop-types-extra
281 silly REMOVE node_modules/postcss-value-parser
282 silly REMOVE node_modules/normalize-range
283 silly REMOVE node_modules/node-releases
284 silly REMOVE node_modules/motion-utils
285 silly REMOVE node_modules/motion-dom
286 silly REMOVE node_modules/motion
287 silly REMOVE node_modules/motion/node_modules/framer-motion
288 silly CHANGE node_modules/lucide-react
289 silly REMOVE node_modules/invariant
290 silly REMOVE node_modules/framer-motion
291 silly REMOVE node_modules/fraction.js
292 silly REMOVE node_modules/escalade
293 silly REMOVE node_modules/electron-to-chromium
294 silly REMOVE node_modules/dom-helpers
295 silly REMOVE node_modules/dequal
296 silly REMOVE node_modules/csstype
297 silly REMOVE node_modules/classnames
298 silly REMOVE node_modules/browserslist
299 silly REMOVE node_modules/bootstrap
300 silly REMOVE node_modules/autoprefixer
301 silly REMOVE node_modules/@types/warning
302 silly REMOVE node_modules/@types/react-transition-group
303 silly REMOVE node_modules/@types/react
304 silly REMOVE node_modules/@types/prop-types
305 silly REMOVE node_modules/@restart/ui
306 silly REMOVE node_modules/@restart/ui/node_modules/uncontrollable
307 silly REMOVE node_modules/@restart/ui/node_modules/@restart/hooks
308 silly REMOVE node_modules/@restart/hooks
309 silly REMOVE node_modules/@react-aria/ssr
310 silly REMOVE node_modules/@popperjs/core
311 silly REMOVE node_modules/@emotion/memoize
312 silly REMOVE node_modules/@emotion/is-prop-valid
313 silly REMOVE node_modules/@babel/runtime
314 verbose cwd G:\notai\VSCodeProjects\franartic-portfolio
315 verbose os Windows_NT 10.0.22631
316 verbose node v22.14.0
317 verbose npm  v11.1.0
318 verbose exit 0
319 info ok
