0 verbose cli C:\Program Files\nodejs\node.exe C:\Users\notai\AppData\Roaming\npm\node_modules\npm\bin\npm-cli.js
1 info using npm@11.1.0
2 info using node@v22.14.0
3 silly config load:file:C:\Users\notai\AppData\Roaming\npm\node_modules\npm\npmrc
4 silly config load:file:g:\notai\VSCodeProjects\franartic-portfolio\.npmrc
5 silly config load:file:C:\Users\notai\.npmrc
6 silly config load:file:C:\Users\notai\AppData\Roaming\npm\etc\npmrc
7 verbose title npm outdated
8 verbose argv "outdated" "--json"
9 verbose logfile logs-max:10 dir:G:\notai\VSCodeProjects\franartic-portfolio\notai\packages\npm\_logs\2025-07-05T20_19_06_115Z-
10 verbose logfile G:\notai\VSCodeProjects\franartic-portfolio\notai\packages\npm\_logs\2025-07-05T20_19_06_115Z-debug-0.log
11 silly logfile start cleaning logs, removing 1 files
12 silly packumentCache heap:4345298944 maxSize:1086324736 maxEntrySize:543162368
13 silly logfile done cleaning log files
14 http fetch GET 200 https://registry.npmjs.org/react-dom 1297ms (cache revalidated)
15 http fetch GET 200 https://registry.npmjs.org/lucide-react 1387ms (cache revalidated)
16 http fetch GET 200 https://registry.npmjs.org/@tailwindcss%2fpostcss 1389ms (cache revalidated)
17 http fetch GET 200 https://registry.npmjs.org/react 1423ms (cache revalidated)
18 http fetch GET 200 https://registry.npmjs.org/eslint 1462ms (cache revalidated)
19 http fetch GET 200 https://registry.npmjs.org/eslint-config-next 1514ms (cache revalidated)
20 http fetch GET 200 https://registry.npmjs.org/@eslint%2feslintrc 1577ms (cache revalidated)
21 http fetch GET 200 https://registry.npmjs.org/react-icons 1596ms (cache revalidated)
22 http fetch GET 200 https://registry.npmjs.org/tailwindcss 1607ms (cache revalidated)
23 http fetch GET 200 https://registry.npmjs.org/next 1833ms (cache revalidated)
24 verbose cwd g:\notai\VSCodeProjects\franartic-portfolio
25 verbose os Windows_NT 10.0.22631
26 verbose node v22.14.0
27 verbose npm  v11.1.0
28 verbose exit 1
29 verbose code 1
