0 verbose cli C:\Program Files\nodejs\node.exe C:\Users\notai\AppData\Roaming\npm\node_modules\npm\bin\npm-cli.js
1 info using npm@11.1.0
2 info using node@v22.14.0
3 silly config load:file:C:\Users\notai\AppData\Roaming\npm\node_modules\npm\npmrc
4 silly config load:file:g:\notai\VSCodeProjects\franartic-portfolio\.npmrc
5 silly config load:file:C:\Users\notai\.npmrc
6 silly config load:file:C:\Users\notai\AppData\Roaming\npm\etc\npmrc
7 verbose title npm view framer-motion description dist-tags.latest homepage version time
8 verbose argv "view" "--json" "--" "framer-motion" "description" "dist-tags.latest" "homepage" "version" "time"
9 verbose logfile logs-max:10 dir:G:\notai\VSCodeProjects\franartic-portfolio\notai\packages\npm\_logs\2025-06-30T18_13_43_948Z-
10 verbose logfile G:\notai\VSCodeProjects\franartic-portfolio\notai\packages\npm\_logs\2025-06-30T18_13_43_948Z-debug-0.log
11 silly logfile start cleaning logs, removing 1 files
12 silly logfile done cleaning log files
13 http fetch GET 200 https://registry.npmjs.org/framer-motion 1110ms (cache revalidated)
14 verbose cwd g:\notai\VSCodeProjects\franartic-portfolio
15 verbose os Windows_NT 10.0.22631
16 verbose node v22.14.0
17 verbose npm  v11.1.0
18 verbose exit 0
19 info ok
